<?xml version="1.0" encoding="UTF-8"?>
<!-- Generated by org.testng.reporters.JUnitReportReporter -->
<testsuite hostname="LAPTOP-J5UHSGER" failures="0" tests="3" name="SeleniumPractice.SeleniumPractice.StaleElementExceptionHandling" time="53.718" errors="0" timestamp="2024-08-03T13:10:19 IST" skipped="0">
  <testcase classname="SeleniumPractice.SeleniumPractice.StaleElementExceptionHandling" name="test_ByTagName" time="9.110"/>
  <system-out/>
  <testcase classname="SeleniumPractice.SeleniumPractice.StaleElementExceptionHandling" name="test_findElements" time="10.104"/>
  <system-out/>
  <testcase classname="SeleniumPractice.SeleniumPractice.StaleElementExceptionHandling" name="test_staleElementException" time="34.504"/>
  <system-out/>
</testsuite> <!-- SeleniumPractice.SeleniumPractice.StaleElementExceptionHandling -->
