<?xml version="1.0" encoding="UTF-8"?>
<!-- Generated by org.testng.reporters.JUnitReportReporter -->
<testsuite hostname="LIN80028409" failures="0" tests="1" name="SeleniumPractice.SeleniumPractice.TestSeleniumOpenPage" time="13.647" errors="0" timestamp="2024-06-13T17:03:37 IST" skipped="0">
  <testcase classname="SeleniumPractice.SeleniumPractice.TestSeleniumOpenPage" name="test_openPage" time="13.647"/>
  <system-out/>
</testsuite> <!-- SeleniumPractice.SeleniumPractice.TestSeleniumOpenPage -->
